<html>
<head>
<title>TestNG:  Test</title>
<link href="../testng.css" rel="stylesheet" type="text/css" />
<link href="../my-testng.css" rel="stylesheet" type="text/css" />

<style type="text/css">
.log { display: none;} 
.stack-trace { display: none;} 
</style>
<script type="text/javascript">
<!--
function flip(e) {
  current = e.style.display;
  if (current == 'block') {
    e.style.display = 'none';
    return 0;
  }
  else {
    e.style.display = 'block';
    return 1;
  }
}

function toggleBox(szDivId, elem, msg1, msg2)
{
  var res = -1;  if (document.getElementById) {
    res = flip(document.getElementById(szDivId));
  }
  else if (document.all) {
    // this is the way old msie versions work
    res = flip(document.all[szDivId]);
  }
  if(elem) {
    if(res == 0) elem.innerHTML = msg1; else elem.innerHTML = msg2;
  }

}

function toggleAllBoxes() {
  if (document.getElementsByTagName) {
    d = document.getElementsByTagName('div');
    for (i = 0; i < d.length; i++) {
      if (d[i].className == 'log') {
        flip(d[i]);
      }
    }
  }
}

// -->
</script>

</head>
<body>
<h2 align='center'>Test</h2><table border='1' align="center">
<tr>
<td>Tests passed/Failed/Skipped:</td><td>17/1/0</td>
</tr><tr>
<td>Started on:</td><td>Tue Mar 05 10:04:48 IST 2024</td>
</tr>
<tr><td>Total time:</td><td>282 seconds (282661 ms)</td>
</tr><tr>
<td>Included groups:</td><td>regression smoke </td>
</tr><tr>
<td>Excluded groups:</td><td></td>
</tr>
</table><p/>
<small><i>(Hover the method name to see the test class name)</i></small><p/>
<table width='100%' border='1' class='invocation-failed'>
<tr><td colspan='4' align='center'><b>FAILED TESTS</b></td></tr>
<tr><td><b>Test method</b></td>
<td width="30%"><b>Exception</b></td>
<td width="10%"><b>Time (seconds)</b></td>
<td><b>Instance</b></td>
</tr>
<tr>
<td title='TestCases.TC001_IdentifyCourses.verifyCourse()'><b>verifyCourse</b><br>Test class: TestCases.TC001_IdentifyCourses</td>
<td><div><pre>org.openqa.selenium.NoSuchElementException: no such element: Unable to locate element: {&quot;method&quot;:&quot;xpath&quot;,&quot;selector&quot;:&quot;(//div[starts-with(@class,&apos;cds-119 cds-Typography-base css-h&apos;)])[6]&quot;}
  (Session info: chrome=113.0.5672.93)
For documentation on this error, please visit: https://www.selenium.dev/documentation/webdriver/troubleshooting/errors#no-such-element-exception
Build info: version: &apos;4.17.0&apos;, revision: &apos;e52b1be057*&apos;
System info: os.name: &apos;Windows 11&apos;, os.arch: &apos;amd64&apos;, os.version: &apos;10.0&apos;, java.version: &apos;17.0.9&apos;
Driver info: org.openqa.selenium.chrome.ChromeDriver
Command: [fe66ea5d9837f1c24dc838ffb9e761d5, findElement {using=xpath, value=(//div[starts-with(@class,&apos;cds-119 cds-Typography-base css-h&apos;)])[6]}]
Capabilities {acceptInsecureCerts: false, browserName: chrome, browserVersion: 113.0.5672.93, chrome: {chromedriverVersion: 113.0.5672.63 (0e1a4471d5ae..., userDataDir: C:\Program Files (x86)\scop...}, goog:chromeOptions: {debuggerAddress: localhost:60081}, networkConnectionEnabled: false, pageLoadStrategy: normal, platformName: windows, proxy: Proxy(), se:cdp: ws://localhost:60081/devtoo..., se:cdpVersion: 113.0.5672.93, setWindowRect: true, strictFileInteractability: false, timeouts: {implicit: 0, pageLoad: 300000, script: 30000}, unhandledPromptBehavior: dismiss and notify, webauthn:extension:credBlob: true, webauthn:extension:largeBlob: true, webauthn:extension:minPinLength: true, webauthn:extension:prf: true, webauthn:virtualAuthenticators: true}
Session ID: fe66ea5d9837f1c24dc838ffb9e761d5
	at org.openqa.selenium.remote.codec.w3c.W3CHttpResponseCodec.createException(W3CHttpResponseCodec.java:185)
	at org.openqa.selenium.remote.codec.w3c.W3CHttpResponseCodec.decode(W3CHttpResponseCodec.java:134)
	at org.openqa.selenium.remote.codec.w3c.W3CHttpResponseCodec.decode(W3CHttpResponseCodec.java:51)
	at org.openqa.selenium.remote.HttpCommandExecutor.execute(HttpCommandExecutor.java:190)
	at org.openqa.selenium.remote.service.DriverCommandExecutor.invokeExecute(DriverCommandExecutor.java:216)
	at org.openqa.selenium.remote.service.DriverCommandExecutor.execute(DriverCommandExecutor.java:174)
	at org.openqa.selenium.remote.RemoteWebDriver.execute(RemoteWebDriver.java:519)
	at org.openqa.selenium.remote.ElementLocation$ElementFinder$2.findElement(ElementLocation.java:165)
	at org.openqa.selenium.remote.ElementLocation.findElement(ElementLocation.java:59)
	at org.openqa.selenium.remote.RemoteWebDriver.findElement(RemoteWebDriver.java:356)
	at org.openqa.selenium.remote.RemoteWebDriver.findElement(RemoteWebDriver.java:350)
	at org.openqa.selenium.support.pagefactory.DefaultElementLocator.findElement(DefaultElementLocator.java:68)
	at org.openqa.selenium.support.pagefactory.internal.LocatingElementHandler.invoke(LocatingElementHandler.java:38)
	at jdk.proxy2/jdk.proxy2.$Proxy12.getText(Unknown Source)
	at PageObjects.WebDevelopment.courseDetails1(WebDevelopment.java:104)
	at TestCases.TC001_IdentifyCourses.verifyCourse(TC001_IdentifyCourses.java:34)
	at java.base/java.util.ArrayList.forEach(ArrayList.java:1511)
... Removed 36 stack frames</pre></div><a href='#' onClick='toggleBox("stack-trace717560284", this, "Click to show all stack frames", "Click to hide stack frames")'>Click to show all stack frames</a>
<div class='stack-trace' id='stack-trace717560284'><pre>org.openqa.selenium.NoSuchElementException: no such element: Unable to locate element: {&quot;method&quot;:&quot;xpath&quot;,&quot;selector&quot;:&quot;(//div[starts-with(@class,&apos;cds-119 cds-Typography-base css-h&apos;)])[6]&quot;}
  (Session info: chrome=113.0.5672.93)
For documentation on this error, please visit: https://www.selenium.dev/documentation/webdriver/troubleshooting/errors#no-such-element-exception
Build info: version: &apos;4.17.0&apos;, revision: &apos;e52b1be057*&apos;
System info: os.name: &apos;Windows 11&apos;, os.arch: &apos;amd64&apos;, os.version: &apos;10.0&apos;, java.version: &apos;17.0.9&apos;
Driver info: org.openqa.selenium.chrome.ChromeDriver
Command: [fe66ea5d9837f1c24dc838ffb9e761d5, findElement {using=xpath, value=(//div[starts-with(@class,&apos;cds-119 cds-Typography-base css-h&apos;)])[6]}]
Capabilities {acceptInsecureCerts: false, browserName: chrome, browserVersion: 113.0.5672.93, chrome: {chromedriverVersion: 113.0.5672.63 (0e1a4471d5ae..., userDataDir: C:\Program Files (x86)\scop...}, goog:chromeOptions: {debuggerAddress: localhost:60081}, networkConnectionEnabled: false, pageLoadStrategy: normal, platformName: windows, proxy: Proxy(), se:cdp: ws://localhost:60081/devtoo..., se:cdpVersion: 113.0.5672.93, setWindowRect: true, strictFileInteractability: false, timeouts: {implicit: 0, pageLoad: 300000, script: 30000}, unhandledPromptBehavior: dismiss and notify, webauthn:extension:credBlob: true, webauthn:extension:largeBlob: true, webauthn:extension:minPinLength: true, webauthn:extension:prf: true, webauthn:virtualAuthenticators: true}
Session ID: fe66ea5d9837f1c24dc838ffb9e761d5
	at java.base/jdk.internal.reflect.NativeConstructorAccessorImpl.newInstance0(Native Method)
	at java.base/jdk.internal.reflect.NativeConstructorAccessorImpl.newInstance(NativeConstructorAccessorImpl.java:77)
	at java.base/jdk.internal.reflect.DelegatingConstructorAccessorImpl.newInstance(DelegatingConstructorAccessorImpl.java:45)
	at java.base/java.lang.reflect.Constructor.newInstanceWithCaller(Constructor.java:499)
	at java.base/java.lang.reflect.Constructor.newInstance(Constructor.java:480)
	at org.openqa.selenium.remote.codec.w3c.W3CHttpResponseCodec.createException(W3CHttpResponseCodec.java:185)
	at org.openqa.selenium.remote.codec.w3c.W3CHttpResponseCodec.decode(W3CHttpResponseCodec.java:134)
	at org.openqa.selenium.remote.codec.w3c.W3CHttpResponseCodec.decode(W3CHttpResponseCodec.java:51)
	at org.openqa.selenium.remote.HttpCommandExecutor.execute(HttpCommandExecutor.java:190)
	at org.openqa.selenium.remote.service.DriverCommandExecutor.invokeExecute(DriverCommandExecutor.java:216)
	at org.openqa.selenium.remote.service.DriverCommandExecutor.execute(DriverCommandExecutor.java:174)
	at org.openqa.selenium.remote.RemoteWebDriver.execute(RemoteWebDriver.java:519)
	at org.openqa.selenium.remote.ElementLocation$ElementFinder$2.findElement(ElementLocation.java:165)
	at org.openqa.selenium.remote.ElementLocation.findElement(ElementLocation.java:59)
	at org.openqa.selenium.remote.RemoteWebDriver.findElement(RemoteWebDriver.java:356)
	at org.openqa.selenium.remote.RemoteWebDriver.findElement(RemoteWebDriver.java:350)
	at org.openqa.selenium.support.pagefactory.DefaultElementLocator.findElement(DefaultElementLocator.java:68)
	at org.openqa.selenium.support.pagefactory.internal.LocatingElementHandler.invoke(LocatingElementHandler.java:38)
	at jdk.proxy2/jdk.proxy2.$Proxy12.getText(Unknown Source)
	at PageObjects.WebDevelopment.courseDetails1(WebDevelopment.java:104)
	at TestCases.TC001_IdentifyCourses.verifyCourse(TC001_IdentifyCourses.java:34)
	at java.base/jdk.internal.reflect.NativeMethodAccessorImpl.invoke0(Native Method)
	at java.base/jdk.internal.reflect.NativeMethodAccessorImpl.invoke(NativeMethodAccessorImpl.java:77)
	at java.base/jdk.internal.reflect.DelegatingMethodAccessorImpl.invoke(DelegatingMethodAccessorImpl.java:43)
	at java.base/java.lang.reflect.Method.invoke(Method.java:568)
	at org.testng.internal.MethodInvocationHelper.invokeMethod(MethodInvocationHelper.java:133)
	at org.testng.internal.TestInvoker.invokeMethod(TestInvoker.java:598)
	at org.testng.internal.TestInvoker.invokeTestMethod(TestInvoker.java:173)
	at org.testng.internal.MethodRunner.runInSequence(MethodRunner.java:46)
	at org.testng.internal.TestInvoker$MethodInvocationAgent.invoke(TestInvoker.java:824)
	at org.testng.internal.TestInvoker.invokeTestMethods(TestInvoker.java:146)
	at org.testng.internal.TestMethodWorker.invokeTestMethods(TestMethodWorker.java:146)
	at org.testng.internal.TestMethodWorker.run(TestMethodWorker.java:128)
	at java.base/java.util.ArrayList.forEach(ArrayList.java:1511)
	at org.testng.TestRunner.privateRun(TestRunner.java:794)
	at org.testng.TestRunner.run(TestRunner.java:596)
	at org.testng.SuiteRunner.runTest(SuiteRunner.java:377)
	at org.testng.SuiteRunner.runSequentially(SuiteRunner.java:371)
	at org.testng.SuiteRunner.privateRun(SuiteRunner.java:332)
	at org.testng.SuiteRunner.run(SuiteRunner.java:276)
	at org.testng.SuiteRunnerWorker.runSuite(SuiteRunnerWorker.java:53)
	at org.testng.SuiteRunnerWorker.run(SuiteRunnerWorker.java:96)
	at org.testng.TestNG.runSuitesSequentially(TestNG.java:1212)
	at org.testng.TestNG.runSuitesLocally(TestNG.java:1134)
	at org.testng.TestNG.runSuites(TestNG.java:1063)
	at org.testng.TestNG.run(TestNG.java:1031)
	at org.apache.maven.surefire.testng.TestNGExecutor.run(TestNGExecutor.java:308)
	at org.apache.maven.surefire.testng.TestNGXmlTestSuite.execute(TestNGXmlTestSuite.java:71)
	at org.apache.maven.surefire.testng.TestNGProvider.invoke(TestNGProvider.java:113)
	at org.apache.maven.surefire.booter.ForkedBooter.runSuitesInProcess(ForkedBooter.java:385)
	at org.apache.maven.surefire.booter.ForkedBooter.execute(ForkedBooter.java:162)
	at org.apache.maven.surefire.booter.ForkedBooter.run(ForkedBooter.java:507)
	at org.apache.maven.surefire.booter.ForkedBooter.main(ForkedBooter.java:495)
</pre></div></td>
<td>47</td>
<td>TestCases.TC001_IdentifyCourses@18df8434</td></tr>
</table><p>
<table width='100%' border='1' class='invocation-passed'>
<tr><td colspan='4' align='center'><b>PASSED TESTS</b></td></tr>
<tr><td><b>Test method</b></td>
<td width="30%"><b>Exception</b></td>
<td width="10%"><b>Time (seconds)</b></td>
<td><b>Instance</b></td>
</tr>
<tr>
<td title='TestCases.TC003_ForEnterprise.submitButton()'><b>submitButton</b><br>Test class: TestCases.TC003_ForEnterprise</td>
<td></td>
<td>3</td>
<td>TestCases.TC003_ForEnterprise@2794eab6</td></tr>
<tr>
<td title='TestCases.TC003_ForEnterprise.jobDetails()'><b>jobDetails</b><br>Test class: TestCases.TC003_ForEnterprise</td>
<td></td>
<td>1</td>
<td>TestCases.TC003_ForEnterprise@2794eab6</td></tr>
<tr>
<td title='TestCases.TC003_ForEnterprise.countryDetails()'><b>countryDetails</b><br>Test class: TestCases.TC003_ForEnterprise</td>
<td></td>
<td>0</td>
<td>TestCases.TC003_ForEnterprise@2794eab6</td></tr>
<tr>
<td title='TestCases.TC002_LanguageLearning.getLanguages()'><b>getLanguages</b><br>Test class: TestCases.TC002_LanguageLearning</td>
<td></td>
<td>51</td>
<td>TestCases.TC002_LanguageLearning@f09733f</td></tr>
<tr>
<td title='TestCases.TC001_IdentifyCourses.VerifySelection()'><b>VerifySelection</b><br>Test class: TestCases.TC001_IdentifyCourses</td>
<td></td>
<td>4</td>
<td>TestCases.TC001_IdentifyCourses@18df8434</td></tr>
<tr>
<td title='TestCases.TC003_ForEnterprise.homepage()'><b>homepage</b><br>Test class: TestCases.TC003_ForEnterprise</td>
<td></td>
<td>27</td>
<td>TestCases.TC003_ForEnterprise@2794eab6</td></tr>
<tr>
<td title='TestCases.TC003_ForEnterprise.fillName()'><b>fillName</b><br>Test class: TestCases.TC003_ForEnterprise</td>
<td></td>
<td>0</td>
<td>TestCases.TC003_ForEnterprise@2794eab6</td></tr>
<tr>
<td title='TestCases.TC001_IdentifyCourses.verifyInputBox()'><b>verifyInputBox</b><br>Test class: TestCases.TC001_IdentifyCourses</td>
<td></td>
<td>22</td>
<td>TestCases.TC001_IdentifyCourses@18df8434</td></tr>
<tr>
<td title='TestCases.TC003_ForEnterprise.personalDetails()'><b>personalDetails</b><br>Test class: TestCases.TC003_ForEnterprise</td>
<td></td>
<td>0</td>
<td>TestCases.TC003_ForEnterprise@2794eab6</td></tr>
<tr>
<td title='TestCases.TC003_ForEnterprise.errorMessage()'><b>errorMessage</b><br>Test class: TestCases.TC003_ForEnterprise</td>
<td></td>
<td>0</td>
<td>TestCases.TC003_ForEnterprise@2794eab6</td></tr>
<tr>
<td title='TestCases.TC003_ForEnterprise.clickCoursera()'><b>clickCoursera</b><br>Test class: TestCases.TC003_ForEnterprise</td>
<td></td>
<td>3</td>
<td>TestCases.TC003_ForEnterprise@2794eab6</td></tr>
<tr>
<td title='TestCases.TC003_ForEnterprise.scrollToForm()'><b>scrollToForm</b><br>Test class: TestCases.TC003_ForEnterprise</td>
<td></td>
<td>0</td>
<td>TestCases.TC003_ForEnterprise@2794eab6</td></tr>
<tr>
<td title='TestCases.TC003_ForEnterprise.clickEnterprise()'><b>clickEnterprise</b><br>Test class: TestCases.TC003_ForEnterprise</td>
<td></td>
<td>26</td>
<td>TestCases.TC003_ForEnterprise@2794eab6</td></tr>
<tr>
<td title='TestCases.TC003_ForEnterprise.institution()'><b>institution</b><br>Test class: TestCases.TC003_ForEnterprise</td>
<td></td>
<td>0</td>
<td>TestCases.TC003_ForEnterprise@2794eab6</td></tr>
<tr>
<td title='TestCases.TC002_LanguageLearning.keyActions()'><b>keyActions</b><br>Test class: TestCases.TC002_LanguageLearning</td>
<td></td>
<td>29</td>
<td>TestCases.TC002_LanguageLearning@f09733f</td></tr>
<tr>
<td title='TestCases.TC002_LanguageLearning.getLevel()'><b>getLevel</b><br>Test class: TestCases.TC002_LanguageLearning</td>
<td></td>
<td>8</td>
<td>TestCases.TC002_LanguageLearning@f09733f</td></tr>
<tr>
<td title='TestCases.TC002_LanguageLearning.closeButton()'><b>closeButton</b><br>Test class: TestCases.TC002_LanguageLearning</td>
<td></td>
<td>0</td>
<td>TestCases.TC002_LanguageLearning@f09733f</td></tr>
</table><p>
</body>
</html>