<?xml version="1.0" encoding="UTF-8"?>
<!-- Generated by org.testng.reporters.JUnitXMLReporter -->
<testsuite ignored="4" hostname="LTIN517525" failures="1" tests="18" name="Test" time="282.661" errors="0" timestamp="2024-03-05T10:09:30 IST">
  <testcase classname="TestCases.TC001_IdentifyCourses" name="verifyInputBox" time="22.525"/>
  <testcase classname="TestCases.TC001_IdentifyCourses" name="VerifySelection" time="4.705"/>
  <testcase classname="TestCases.TC001_IdentifyCourses" name="verifyCourse" time="47.911">
    <failure type="org.openqa.selenium.NoSuchElementException" message="no such element: Unable to locate element: {&amp;quot;method&amp;quot;:&amp;quot;xpath&amp;quot;,&amp;quot;selector&amp;quot;:&amp;quot;(//div[starts-with(@class,&amp;apos;cds-119 cds-Typography-base css-h&amp;apos;)])[6]&amp;quot;}
  (Session info: chrome=113.0.5672.93)
For documentation on this error, please visit: https://www.selenium.dev/documentation/webdriver/troubleshooting/errors#no-such-element-exception
Build info: version: &amp;apos;4.17.0&amp;apos;, revision: &amp;apos;e52b1be057*&amp;apos;
System info: os.name: &amp;apos;Windows 11&amp;apos;, os.arch: &amp;apos;amd64&amp;apos;, os.version: &amp;apos;10.0&amp;apos;, java.version: &amp;apos;17.0.9&amp;apos;
Driver info: org.openqa.selenium.chrome.ChromeDriver
Command: [fe66ea5d9837f1c24dc838ffb9e761d5, findElement {using=xpath, value=(//div[starts-with(@class,&amp;apos;cds-119 cds-Typography-base css-h&amp;apos;)])[6]}]
Capabilities {acceptInsecureCerts: false, browserName: chrome, browserVersion: 113.0.5672.93, chrome: {chromedriverVersion: 113.0.5672.63 (0e1a4471d5ae..., userDataDir: C:\Program Files (x86)\scop...}, goog:chromeOptions: {debuggerAddress: localhost:60081}, networkConnectionEnabled: false, pageLoadStrategy: normal, platformName: windows, proxy: Proxy(), se:cdp: ws://localhost:60081/devtoo..., se:cdpVersion: 113.0.5672.93, setWindowRect: true, strictFileInteractability: false, timeouts: {implicit: 0, pageLoad: 300000, script: 30000}, unhandledPromptBehavior: dismiss and notify, webauthn:extension:credBlob: true, webauthn:extension:largeBlob: true, webauthn:extension:minPinLength: true, webauthn:extension:prf: true, webauthn:virtualAuthenticators: true}
Session ID: fe66ea5d9837f1c24dc838ffb9e761d5">
      <![CDATA[org.openqa.selenium.NoSuchElementException: no such element: Unable to locate element: {"method":"xpath","selector":"(//div[starts-with(@class,'cds-119 cds-Typography-base css-h')])[6]"}
  (Session info: chrome=113.0.5672.93)
For documentation on this error, please visit: https://www.selenium.dev/documentation/webdriver/troubleshooting/errors#no-such-element-exception
Build info: version: '4.17.0', revision: 'e52b1be057*'
System info: os.name: 'Windows 11', os.arch: 'amd64', os.version: '10.0', java.version: '17.0.9'
Driver info: org.openqa.selenium.chrome.ChromeDriver
Command: [fe66ea5d9837f1c24dc838ffb9e761d5, findElement {using=xpath, value=(//div[starts-with(@class,'cds-119 cds-Typography-base css-h')])[6]}]
Capabilities {acceptInsecureCerts: false, browserName: chrome, browserVersion: 113.0.5672.93, chrome: {chromedriverVersion: 113.0.5672.63 (0e1a4471d5ae..., userDataDir: C:\Program Files (x86)\scop...}, goog:chromeOptions: {debuggerAddress: localhost:60081}, networkConnectionEnabled: false, pageLoadStrategy: normal, platformName: windows, proxy: Proxy(), se:cdp: ws://localhost:60081/devtoo..., se:cdpVersion: 113.0.5672.93, setWindowRect: true, strictFileInteractability: false, timeouts: {implicit: 0, pageLoad: 300000, script: 30000}, unhandledPromptBehavior: dismiss and notify, webauthn:extension:credBlob: true, webauthn:extension:largeBlob: true, webauthn:extension:minPinLength: true, webauthn:extension:prf: true, webauthn:virtualAuthenticators: true}
Session ID: fe66ea5d9837f1c24dc838ffb9e761d5
at org.openqa.selenium.remote.codec.w3c.W3CHttpResponseCodec.createException(W3CHttpResponseCodec.java:185)
at org.openqa.selenium.remote.codec.w3c.W3CHttpResponseCodec.decode(W3CHttpResponseCodec.java:134)
at org.openqa.selenium.remote.codec.w3c.W3CHttpResponseCodec.decode(W3CHttpResponseCodec.java:51)
at org.openqa.selenium.remote.HttpCommandExecutor.execute(HttpCommandExecutor.java:190)
at org.openqa.selenium.remote.service.DriverCommandExecutor.invokeExecute(DriverCommandExecutor.java:216)
at org.openqa.selenium.remote.service.DriverCommandExecutor.execute(DriverCommandExecutor.java:174)
at org.openqa.selenium.remote.RemoteWebDriver.execute(RemoteWebDriver.java:519)
at org.openqa.selenium.remote.ElementLocation$ElementFinder$2.findElement(ElementLocation.java:165)
at org.openqa.selenium.remote.ElementLocation.findElement(ElementLocation.java:59)
at org.openqa.selenium.remote.RemoteWebDriver.findElement(RemoteWebDriver.java:356)
at org.openqa.selenium.remote.RemoteWebDriver.findElement(RemoteWebDriver.java:350)
at org.openqa.selenium.support.pagefactory.DefaultElementLocator.findElement(DefaultElementLocator.java:68)
at org.openqa.selenium.support.pagefactory.internal.LocatingElementHandler.invoke(LocatingElementHandler.java:38)
at jdk.proxy2/jdk.proxy2.$Proxy12.getText(Unknown Source)
at PageObjects.WebDevelopment.courseDetails1(WebDevelopment.java:104)
at TestCases.TC001_IdentifyCourses.verifyCourse(TC001_IdentifyCourses.java:34)
at java.base/java.util.ArrayList.forEach(ArrayList.java:1511)
... Removed 36 stack frames]]>
    </failure>
  </testcase> <!-- verifyCourse -->
  <testcase classname="TestCases.TC002_LanguageLearning" name="keyActions" time="29.839"/>
  <testcase classname="TestCases.TC002_LanguageLearning" name="getLanguages" time="51.212"/>
  <testcase classname="TestCases.TC002_LanguageLearning" name="closeButton" time="0.164"/>
  <testcase classname="TestCases.TC002_LanguageLearning" name="getLevel" time="8.675"/>
  <testcase classname="TestCases.TC003_ForEnterprise" name="homepage" time="27.032"/>
  <testcase classname="TestCases.TC003_ForEnterprise" name="clickEnterprise" time="26.846"/>
  <testcase classname="TestCases.TC003_ForEnterprise" name="clickCoursera" time="3.39"/>
  <testcase classname="TestCases.TC003_ForEnterprise" name="scrollToForm" time="0.058"/>
  <testcase classname="TestCases.TC003_ForEnterprise" name="fillName" time="0.917"/>
  <testcase classname="TestCases.TC003_ForEnterprise" name="personalDetails" time="0.57"/>
  <testcase classname="TestCases.TC003_ForEnterprise" name="institution" time="0.82"/>
  <testcase classname="TestCases.TC003_ForEnterprise" name="jobDetails" time="1.03"/>
  <testcase classname="TestCases.TC003_ForEnterprise" name="countryDetails" time="0.491"/>
  <testcase classname="TestCases.TC003_ForEnterprise" name="submitButton" time="3.138"/>
  <testcase classname="TestCases.TC003_ForEnterprise" name="errorMessage" time="0.238"/>
  <testcase classname="TestBase.BaseClass" name="@BeforeTest setUp1" time="0.0">
    <ignored/>
  </testcase> <!-- @BeforeTest setUp1 -->
  <testcase classname="TestBase.BaseClass" name="@BeforeTest setUp1" time="0.0">
    <ignored/>
  </testcase> <!-- @BeforeTest setUp1 -->
  <testcase classname="TestBase.BaseClass" name="@AfterTest tearDown" time="0.0">
    <ignored/>
  </testcase> <!-- @AfterTest tearDown -->
  <testcase classname="TestBase.BaseClass" name="@AfterTest tearDown" time="0.0">
    <ignored/>
  </testcase> <!-- @AfterTest tearDown -->
</testsuite> <!-- Test -->
